\BOOKMARK [1][-]{section.1}{Introduction}{}% 1
\BOOKMARK [1][-]{section.2}{Vision of X}{}% 2
\BOOKMARK [1][-]{section.3}{Proposed Solutions on the paper}{}% 3
\BOOKMARK [1][-]{section.4}{X's Architecture after complete development}{}% 4
\BOOKMARK [1][-]{section.5}{Notes by Co-Authors and Developers}{}% 5
\BOOKMARK [1][-]{section.6}{Solution 1 : Blockchain}{}% 6
\BOOKMARK [2][-]{subsection.6.1}{High-Level Infrastructure Overview}{section.6}% 7
\BOOKMARK [3][-]{subsubsection.6.1.1}{Figures}{subsection.6.1}% 8
\BOOKMARK [3][-]{subsubsection.6.1.2}{Definitions and Short Notes}{subsection.6.1}% 9
\BOOKMARK [3][-]{subsubsection.6.1.3}{Wallets Significance and User Experience}{subsection.6.1}% 10
\BOOKMARK [3][-]{subsubsection.6.1.4}{Chain Integrated Scaling Solutions}{subsection.6.1}% 11
\BOOKMARK [3][-]{subsubsection.6.1.5}{Comparison of Other Blockchain Platforms}{subsection.6.1}% 12
\BOOKMARK [2][-]{subsection.6.2}{Tendermint \046 Cosmos SDK}{section.6}% 13
\BOOKMARK [2][-]{subsection.6.3}{Masked Taxation for Regional Regulatory Benefits}{section.6}% 14
\BOOKMARK [2][-]{subsection.6.4}{Lightning Payments}{section.6}% 15
\BOOKMARK [2][-]{subsection.6.5}{Anchored Smart Contract Chains}{section.6}% 16
\BOOKMARK [2][-]{subsection.6.6}{Transaction Fee using multiple Tokens}{section.6}% 17
\BOOKMARK [2][-]{subsection.6.7}{Accredited Tokens Minting using Oracle Token Standard}{section.6}% 18
\BOOKMARK [2][-]{subsection.6.8}{Verified and Registered Wallet Identities}{section.6}% 19
\BOOKMARK [2][-]{subsection.6.9}{Prime Chain's Blocks and Validators}{section.6}% 20
\BOOKMARK [2][-]{subsection.6.10}{Consensus, Staking and Delegation}{section.6}% 21
\BOOKMARK [2][-]{subsection.6.11}{Block Rewards \046 Token's Monetary Policy}{section.6}% 22
\BOOKMARK [2][-]{subsection.6.12}{DLT Model of Chains}{section.6}% 23
\BOOKMARK [2][-]{subsection.6.13}{On-Chain Oracles}{section.6}% 24
\BOOKMARK [2][-]{subsection.6.14}{Ethereum Security Layer for Checkpoints}{section.6}% 25
\BOOKMARK [2][-]{subsection.6.15}{Hard \046 Soft Forks}{section.6}% 26
\BOOKMARK [2][-]{subsection.6.16}{On-Chain Bridges for Regulated Spending of Cryptocurrencies}{section.6}% 27
\BOOKMARK [2][-]{subsection.6.17}{Proposed Token Ecosystem - An Intro}{section.6}% 28
\BOOKMARK [2][-]{subsection.6.18}{On-Chain Governance and DAO - An Intro}{section.6}% 29
\BOOKMARK [1][-]{section.7}{Solution 2 : Prime \046 ASC Chains Integrated DApps}{}% 30
\BOOKMARK [2][-]{subsection.7.1}{Smart Wallet}{section.7}% 31
\BOOKMARK [3][-]{subsubsection.7.1.1}{Guarded Social Wallets}{subsection.7.1}% 32
\BOOKMARK [3][-]{subsubsection.7.1.2}{Zero-Knowledge Mobile Number / Username based Universal Payment Address}{subsection.7.1}% 33
\BOOKMARK [3][-]{subsubsection.7.1.3}{On-Chain Auto-Debit \046 Subscription Services}{subsection.7.1}% 34
\BOOKMARK [3][-]{subsubsection.7.1.4}{Public Key Privacy using HD wallet keys}{subsection.7.1}% 35
\BOOKMARK [2][-]{subsection.7.2}{Lightning based nano-DEX}{section.7}% 36
\BOOKMARK [2][-]{subsection.7.3}{AMM based Decentralized Exchange}{section.7}% 37
\BOOKMARK [2][-]{subsection.7.4}{Regulated Banks based trusted-mirrored wallets}{section.7}% 38
\BOOKMARK [2][-]{subsection.7.5}{X Fiat-Exchange}{section.7}% 39
\BOOKMARK [2][-]{subsection.7.6}{Stable Token Ecosystem}{section.7}% 40
\BOOKMARK [2][-]{subsection.7.7}{Decentralized Wallet Custodian Services}{section.7}% 41
\BOOKMARK [2][-]{subsection.7.8}{Decentralized Central Bank Digital Currencies}{section.7}% 42
\BOOKMARK [2][-]{subsection.7.9}{X Payment Gateway - Web2 Integrations}{section.7}% 43
\BOOKMARK [2][-]{subsection.7.10}{P2P Exchange}{section.7}% 44
\BOOKMARK [1][-]{section.8}{Solution 3 : Social Media}{}% 45
\BOOKMARK [2][-]{subsection.8.1}{X Platform Architecture}{section.8}% 46
\BOOKMARK [2][-]{subsection.8.2}{Social media and User Experience}{section.8}% 47
\BOOKMARK [2][-]{subsection.8.3}{Introduction to X Social Media}{section.8}% 48
\BOOKMARK [2][-]{subsection.8.4}{Types of Posts}{section.8}% 49
\BOOKMARK [2][-]{subsection.8.5}{X Avatars}{section.8}% 50
\BOOKMARK [3][-]{subsubsection.8.5.1}{Meta-Chat}{subsection.8.5}% 51
\BOOKMARK [3][-]{subsubsection.8.5.2}{X Clubs}{subsection.8.5}% 52
\BOOKMARK [2][-]{subsection.8.6}{Engagements}{section.8}% 53
\BOOKMARK [2][-]{subsection.8.7}{Other Features}{section.8}% 54
\BOOKMARK [2][-]{subsection.8.8}{X - User Security and Privacy}{section.8}% 55
\BOOKMARK [2][-]{subsection.8.9}{TOR/VPN Anonymity}{section.8}% 56
\BOOKMARK [1][-]{section.9}{Solution 4 : Child Platforms}{}% 57
\BOOKMARK [2][-]{subsection.9.1}{ROV - Content Moderation Platform}{section.9}% 58
\BOOKMARK [2][-]{subsection.9.2}{Developer Platform}{section.9}% 59
\BOOKMARK [2][-]{subsection.9.3}{Influencer-Ad Platform}{section.9}% 60
\BOOKMARK [2][-]{subsection.9.4}{X Decentralized Ads}{section.9}% 61
\BOOKMARK [2][-]{subsection.9.5}{X Open-Source Distributions}{section.9}% 62
\BOOKMARK [1][-]{section.10}{Solution 5 : Global Reward Pool}{}% 63
\BOOKMARK [2][-]{subsection.10.1}{Social Users \(Impression-based\) - 30\045}{section.10}% 64
\BOOKMARK [2][-]{subsection.10.2}{DAO - 14\045}{section.10}% 65
\BOOKMARK [2][-]{subsection.10.3}{Blockchain-Miners \(Gas-based\) - 11\045}{section.10}% 66
\BOOKMARK [2][-]{subsection.10.4}{Burn - 10\045}{section.10}% 67
\BOOKMARK [2][-]{subsection.10.5}{Developers \(Contribution-based\) - 9\045}{section.10}% 68
\BOOKMARK [2][-]{subsection.10.6}{IPFS-Miners \(Storage-based\) - 8\045}{section.10}% 69
\BOOKMARK [2][-]{subsection.10.7}{ROV \(Contribution-based\) - 6\045}{section.10}% 70
\BOOKMARK [2][-]{subsection.10.8}{Social Miners \(Serving based\) - 4\045}{section.10}% 71
\BOOKMARK [2][-]{subsection.10.9}{DAG-Miners \(Transaction-based\) - 5\045}{section.10}% 72
\BOOKMARK [2][-]{subsection.10.10}{Bounties - 2\045}{section.10}% 73
\BOOKMARK [2][-]{subsection.10.11}{Crypto-Back - 1\045}{section.10}% 74
\BOOKMARK [2][-]{subsection.10.12}{Charity Contribution}{section.10}% 75
\BOOKMARK [1][-]{section.11}{Solution 6 : Governance \046 X DAO}{}% 76
\BOOKMARK [1][-]{section.12}{Solution 7 : Future Plans}{}% 77
\BOOKMARK [1][-]{section.13}{Tokenomics \046 ICO}{}% 78
\BOOKMARK [1][-]{section.14}{Development Roadmap}{}% 79
\BOOKMARK [1][-]{section.15}{Development}{}% 80
\BOOKMARK [1][-]{section.16}{ICO Funds Allocation}{}% 81
\BOOKMARK [1][-]{section.17}{Team}{}% 82
\BOOKMARK [1][-]{section.18}{References}{}% 83
\BOOKMARK [1][-]{section.19}{Glossary}{}% 84
\BOOKMARK [1][-]{section.20}{Social Media}{}% 85
\BOOKMARK [2][-]{subsection.20.1}{IPFS}{section.20}% 86
