This is pdfTeX, Version 3.141592653-2.6-1.40.22 (TeX Live 2021) (preloaded format=pdflatex 2022.2.18)  25 FEB 2022 15:15
entering extended mode
 restricted \write18 enabled.
 %&-line parsing enabled.
**Whitepaper.tex
(./Whitepaper.tex
LaTeX2e <2020-10-01> patch level 4
L3 programming layer <2021-02-18>
(/usr/local/texlive/2021/texmf-dist/tex/latex/base/article.cls
Document Class: article 2020/04/10 v1.4m Standard LaTeX document class
(/usr/local/texlive/2021/texmf-dist/tex/latex/base/size10.clo
File: size10.clo 2020/04/10 v1.4m Standard LaTeX file (size option)
)
\c@part=\count179
\c@section=\count180
\c@subsection=\count181
\c@subsubsection=\count182
\c@paragraph=\count183
\c@subparagraph=\count184
\c@figure=\count185
\c@table=\count186
\abovecaptionskip=\skip47
\belowcaptionskip=\skip48
\bibindent=\dimen138
)
(/usr/local/texlive/2021/texmf-dist/tex/latex/geometry/geometry.sty
Package: geometry 2020/01/02 v5.9 Page Geometry

(/usr/local/texlive/2021/texmf-dist/tex/latex/graphics/keyval.sty
Package: keyval 2014/10/28 v1.15 key=value parser (DPC)
\KV@toks@=\toks15
)
(/usr/local/texlive/2021/texmf-dist/tex/generic/iftex/ifvtex.sty
Package: ifvtex 2019/10/25 v1.7 ifvtex legacy package. Use iftex instead.

(/usr/local/texlive/2021/texmf-dist/tex/generic/iftex/iftex.sty
Package: iftex 2020/03/06 v1.0d TeX engine tests
))
\Gm@cnth=\count187
\Gm@cntv=\count188
\c@Gm@tempcnt=\count189
\Gm@bindingoffset=\dimen139
\Gm@wd@mp=\dimen140
\Gm@odd@mp=\dimen141
\Gm@even@mp=\dimen142
\Gm@layoutwidth=\dimen143
\Gm@layoutheight=\dimen144
\Gm@layouthoffset=\dimen145
\Gm@layoutvoffset=\dimen146
\Gm@dimlist=\toks16
)
(/usr/local/texlive/2021/texmf-dist/tex/latex/enumitem/enumitem.sty
Package: enumitem 2019/06/20 v3.9 Customized lists
\labelindent=\skip49
\enit@outerparindent=\dimen147
\enit@toks=\toks17
\enit@inbox=\box47
\enit@count@id=\count190
\enitdp@description=\count191
)
(/usr/local/texlive/2021/texmf-dist/tex/latex/comment/comment.sty
\CommentStream=\write3

Excluding comment 'comment')
(/usr/local/texlive/2021/texmf-dist/tex/latex/float/float.sty
Package: float 2001/11/08 v1.3d Float enhancements (AL)
\c@float@type=\count192
\float@exts=\toks18
\float@box=\box48
\@float@everytoks=\toks19
\@floatcapt=\box49
)
(/usr/local/texlive/2021/texmf-dist/tex/latex/tools/multicol.sty
Package: multicol 2019/12/09 v1.8y multicolumn formatting (FMi)
\c@tracingmulticols=\count193
\mult@box=\box50
\multicol@leftmargin=\dimen148
\c@unbalance=\count194
\c@collectmore=\count195
\doublecol@number=\count196
\multicoltolerance=\count197
\multicolpretolerance=\count198
\full@width=\dimen149
\page@free=\dimen150
\premulticols=\dimen151
\postmulticols=\dimen152
\multicolsep=\skip50
\multicolbaselineskip=\skip51
\partial@page=\box51
\last@line=\box52
\maxbalancingoverflow=\dimen153
\mult@rightbox=\box53
\mult@grightbox=\box54
\mult@gfirstbox=\box55
\mult@firstbox=\box56
\@tempa=\box57
\@tempa=\box58
\@tempa=\box59
\@tempa=\box60
\@tempa=\box61
\@tempa=\box62
\@tempa=\box63
\@tempa=\box64
\@tempa=\box65
\@tempa=\box66
\@tempa=\box67
\@tempa=\box68
\@tempa=\box69
\@tempa=\box70
\@tempa=\box71
\@tempa=\box72
\@tempa=\box73
\@tempa=\box74
\@tempa=\box75
\@tempa=\box76
\@tempa=\box77
\@tempa=\box78
\@tempa=\box79
\@tempa=\box80
\@tempa=\box81
\@tempa=\box82
\@tempa=\box83
\@tempa=\box84
\@tempa=\box85
\@tempa=\box86
\@tempa=\box87
\@tempa=\box88
\@tempa=\box89
\@tempa=\box90
\@tempa=\box91
\@tempa=\box92
\@tempa=\box93
\c@minrows=\count199
\c@columnbadness=\count266
\c@finalcolumnbadness=\count267
\last@try=\dimen154
\multicolovershoot=\dimen155
\multicolundershoot=\dimen156
\mult@nat@firstbox=\box94
\colbreak@box=\box95
\mc@col@check@num=\count268
)
(/usr/local/texlive/2021/texmf-dist/tex/latex/blindtext/blindtext.sty
Package: blindtext 2012/01/06 V2.0 blindtext-Package

(/usr/local/texlive/2021/texmf-dist/tex/latex/tools/xspace.sty
Package: xspace 2014/10/28 v1.13 Space after command names (DPC,MH)
)
\c@blindtext=\count269
\c@Blindtext=\count270
\c@blind@countparstart=\count271
\blind@countxx=\count272
\blindtext@numBlindtext=\count273
\blind@countyy=\count274
\c@blindlist=\count275
\c@blindlistlevel=\count276
\c@blindlist@level=\count277
\blind@listitem=\count278
\c@blind@listcount=\count279
\c@blind@levelcount=\count280
\blind@mathformula=\count281
\blind@Mathformula=\count282
\c@blind@randomcount=\count283
\c@blind@randommax=\count284
\c@blind@pangramcount=\count285
\c@blind@pangrammax=\count286
)
(/usr/local/texlive/2021/texmf-dist/tex/latex/changepage/changepage.sty
Package: changepage 2009/10/20 v1.0c check page and change page layout
\c@cp@cntr=\count287
\cp@tempcnt=\count288
)
(/usr/local/texlive/2021/texmf-dist/tex/latex/lipsum/lipsum.sty
(/usr/local/texlive/2021/texmf-dist/tex/latex/l3kernel/expl3.sty
Package: expl3 2021-02-18 L3 programming layer (loader) 

(/usr/local/texlive/2021/texmf-dist/tex/latex/l3backend/l3backend-pdftex.def
File: l3backend-pdftex.def 2021-03-18 L3 backend support: PDF output (pdfTeX)
\l__color_backend_stack_int=\count289
\l__pdf_internal_box=\box96
))
(/usr/local/texlive/2021/texmf-dist/tex/latex/l3packages/xparse/xparse.sty
(/usr/local/texlive/2021/texmf-dist/tex/latex/l3packages/xparse/xparse-2020-10-
01.sty
(/usr/local/texlive/2021/texmf-dist/tex/latex/l3packages/xparse/xparse-generic.
tex)))
Package: lipsum 2021-03-03 v2.3 150 paragraphs of Lorem Ipsum dummy text
 (/usr/local/texlive/2021/texmf-dist/tex/latex/lipsum/lipsum.ltd.tex
File: lipsum.ltd.tex 2021-03-03 v2.3 The Lorem ipsum dummy text
))
(/usr/local/texlive/2021/texmf-dist/tex/latex/hyperref/hyperref.sty
Package: hyperref 2021-02-27 v7.00k Hypertext links for LaTeX

(/usr/local/texlive/2021/texmf-dist/tex/generic/ltxcmds/ltxcmds.sty
Package: ltxcmds 2020-05-10 v1.25 LaTeX kernel commands for general use (HO)
)
(/usr/local/texlive/2021/texmf-dist/tex/generic/pdftexcmds/pdftexcmds.sty
Package: pdftexcmds 2020-06-27 v0.33 Utility functions of pdfTeX for LuaTeX (HO
)

(/usr/local/texlive/2021/texmf-dist/tex/generic/infwarerr/infwarerr.sty
Package: infwarerr 2019/12/03 v1.5 Providing info/warning/error messages (HO)
)
Package pdftexcmds Info: \pdf@primitive is available.
Package pdftexcmds Info: \pdf@ifprimitive is available.
Package pdftexcmds Info: \pdfdraftmode found.
)
(/usr/local/texlive/2021/texmf-dist/tex/generic/kvsetkeys/kvsetkeys.sty
Package: kvsetkeys 2019/12/15 v1.18 Key value parser (HO)
)
(/usr/local/texlive/2021/texmf-dist/tex/generic/kvdefinekeys/kvdefinekeys.sty
Package: kvdefinekeys 2019-12-19 v1.6 Define keys (HO)
)
(/usr/local/texlive/2021/texmf-dist/tex/generic/pdfescape/pdfescape.sty
Package: pdfescape 2019/12/09 v1.15 Implements pdfTeX's escape features (HO)
)
(/usr/local/texlive/2021/texmf-dist/tex/latex/hycolor/hycolor.sty
Package: hycolor 2020-01-27 v1.10 Color options for hyperref/bookmark (HO)
)
(/usr/local/texlive/2021/texmf-dist/tex/latex/letltxmacro/letltxmacro.sty
Package: letltxmacro 2019/12/03 v1.6 Let assignment for LaTeX macros (HO)
)
(/usr/local/texlive/2021/texmf-dist/tex/latex/auxhook/auxhook.sty
Package: auxhook 2019-12-17 v1.6 Hooks for auxiliary files (HO)
)
(/usr/local/texlive/2021/texmf-dist/tex/latex/kvoptions/kvoptions.sty
Package: kvoptions 2020-10-07 v3.14 Key value format for package options (HO)
)
\@linkdim=\dimen157
\Hy@linkcounter=\count290
\Hy@pagecounter=\count291

(/usr/local/texlive/2021/texmf-dist/tex/latex/hyperref/pd1enc.def
File: pd1enc.def 2021-02-27 v7.00k Hyperref: PDFDocEncoding definition (HO)
Now handling font encoding PD1 ...
... no UTF-8 mapping file for font encoding PD1
)
(/usr/local/texlive/2021/texmf-dist/tex/latex/hyperref/hyperref-langpatches.def
File: hyperref-langpatches.def 2021-02-27 v7.00k Hyperref: patches for babel la
nguages
) (/usr/local/texlive/2021/texmf-dist/tex/generic/intcalc/intcalc.sty
Package: intcalc 2019/12/15 v1.3 Expandable calculations with integers (HO)
)
(/usr/local/texlive/2021/texmf-dist/tex/generic/etexcmds/etexcmds.sty
Package: etexcmds 2019/12/15 v1.7 Avoid name clashes with e-TeX commands (HO)
)
\Hy@SavedSpaceFactor=\count292

(/usr/local/texlive/2021/texmf-dist/tex/latex/hyperref/puenc.def
File: puenc.def 2021-02-27 v7.00k Hyperref: PDF Unicode definition (HO)
Now handling font encoding PU ...
... no UTF-8 mapping file for font encoding PU
)
Package hyperref Info: Hyper figures OFF on input line 4192.
Package hyperref Info: Link nesting OFF on input line 4197.
Package hyperref Info: Hyper index ON on input line 4200.
Package hyperref Info: Plain pages OFF on input line 4207.
Package hyperref Info: Backreferencing OFF on input line 4212.
Package hyperref Info: Implicit mode ON; LaTeX internals redefined.
Package hyperref Info: Bookmarks ON on input line 4445.
\c@Hy@tempcnt=\count293

(/usr/local/texlive/2021/texmf-dist/tex/latex/url/url.sty
\Urlmuskip=\muskip16
Package: url 2013/09/16  ver 3.4  Verb mode for urls, etc.
)
LaTeX Info: Redefining \url on input line 4804.
\XeTeXLinkMargin=\dimen158

(/usr/local/texlive/2021/texmf-dist/tex/generic/bitset/bitset.sty
Package: bitset 2019/12/09 v1.3 Handle bit-vector datatype (HO)

(/usr/local/texlive/2021/texmf-dist/tex/generic/bigintcalc/bigintcalc.sty
Package: bigintcalc 2019/12/15 v1.5 Expandable calculations on big integers (HO
)
))
\Fld@menulength=\count294
\Field@Width=\dimen159
\Fld@charsize=\dimen160
Package hyperref Info: Hyper figures OFF on input line 6075.
Package hyperref Info: Link nesting OFF on input line 6080.
Package hyperref Info: Hyper index ON on input line 6083.
Package hyperref Info: backreferencing OFF on input line 6090.
Package hyperref Info: Link coloring OFF on input line 6095.
Package hyperref Info: Link coloring with OCG OFF on input line 6100.
Package hyperref Info: PDF/A mode OFF on input line 6105.
LaTeX Info: Redefining \ref on input line 6145.
LaTeX Info: Redefining \pageref on input line 6149.

(/usr/local/texlive/2021/texmf-dist/tex/latex/base/atbegshi-ltx.sty
Package: atbegshi-ltx 2020/08/17 v1.0a Emulation of the original atbegshi packa
ge
with kernel methods
)
\Hy@abspage=\count295
\c@Item=\count296
\c@Hfootnote=\count297
)
Package hyperref Info: Driver (autodetected): hpdftex.

(/usr/local/texlive/2021/texmf-dist/tex/latex/hyperref/hpdftex.def
File: hpdftex.def 2021-02-27 v7.00k Hyperref driver for pdfTeX

(/usr/local/texlive/2021/texmf-dist/tex/latex/base/atveryend-ltx.sty
Package: atveryend-ltx 2020/08/19 v1.0a Emulation of the original atvery packag
e
with kernel methods
)
\Fld@listcount=\count298
\c@bookmark@seq@number=\count299

(/usr/local/texlive/2021/texmf-dist/tex/latex/rerunfilecheck/rerunfilecheck.sty
Package: rerunfilecheck 2019/12/05 v1.9 Rerun checks for auxiliary files (HO)

(/usr/local/texlive/2021/texmf-dist/tex/generic/uniquecounter/uniquecounter.sty
Package: uniquecounter 2019/12/15 v1.4 Provide unlimited unique counter (HO)
)
Package uniquecounter Info: New unique counter `rerunfilecheck' on input line 2
86.
)
\Hy@SectionHShift=\skip52
)
Package hyperref Info: Option `colorlinks' set `true' on input line 23.
 (/usr/local/texlive/2021/texmf-dist/tex/latex/listings/listings.sty
\lst@mode=\count300
\lst@gtempboxa=\box97
\lst@token=\toks20
\lst@length=\count301
\lst@currlwidth=\dimen161
\lst@column=\count302
\lst@pos=\count303
\lst@lostspace=\dimen162
\lst@width=\dimen163
\lst@newlines=\count304
\lst@lineno=\count305
\lst@maxwidth=\dimen164

(/usr/local/texlive/2021/texmf-dist/tex/latex/listings/lstmisc.sty
File: lstmisc.sty 2020/03/24 1.8d (Carsten Heinz)
\c@lstnumber=\count306
\lst@skipnumbers=\count307
\lst@framebox=\box98
)
(/usr/local/texlive/2021/texmf-dist/tex/latex/listings/listings.cfg
File: listings.cfg 2020/03/24 1.8d listings configuration
))
Package: listings 2020/03/24 1.8d (Carsten Heinz)

(./solidity-highlighting.tex
(/usr/local/texlive/2021/texmf-dist/tex/latex/xcolor/xcolor.sty
Package: xcolor 2016/05/11 v2.12 LaTeX color extensions (UK)

(/usr/local/texlive/2021/texmf-dist/tex/latex/graphics-cfg/color.cfg
File: color.cfg 2016/01/02 v1.6 sample color configuration
)
Package xcolor Info: Driver file: pdftex.def on input line 225.

(/usr/local/texlive/2021/texmf-dist/tex/latex/graphics-def/pdftex.def
File: pdftex.def 2020/10/05 v1.2a Graphics/color driver for pdftex
)
Package xcolor Info: Model `cmy' substituted by `cmy0' on input line 1348.
Package xcolor Info: Model `hsb' substituted by `rgb' on input line 1352.
Package xcolor Info: Model `RGB' extended on input line 1364.
Package xcolor Info: Model `HTML' substituted by `rgb' on input line 1366.
Package xcolor Info: Model `Hsb' substituted by `hsb' on input line 1367.
Package xcolor Info: Model `tHsb' substituted by `hsb' on input line 1368.
Package xcolor Info: Model `HSB' substituted by `hsb' on input line 1369.
Package xcolor Info: Model `Gray' substituted by `gray' on input line 1370.
Package xcolor Info: Model `wave' substituted by `hsb' on input line 1371.
))
(/usr/local/texlive/2021/texmf-dist/tex/latex/pgf/frontendlayer/tikz.sty
(/usr/local/texlive/2021/texmf-dist/tex/latex/pgf/basiclayer/pgf.sty
(/usr/local/texlive/2021/texmf-dist/tex/latex/pgf/utilities/pgfrcs.sty
(/usr/local/texlive/2021/texmf-dist/tex/generic/pgf/utilities/pgfutil-common.te
x
\pgfutil@everybye=\toks21
\pgfutil@tempdima=\dimen165
\pgfutil@tempdimb=\dimen166

(/usr/local/texlive/2021/texmf-dist/tex/generic/pgf/utilities/pgfutil-common-li
sts.tex))
(/usr/local/texlive/2021/texmf-dist/tex/generic/pgf/utilities/pgfutil-latex.def
\pgfutil@abb=\box99
) (/usr/local/texlive/2021/texmf-dist/tex/generic/pgf/utilities/pgfrcs.code.tex
(/usr/local/texlive/2021/texmf-dist/tex/generic/pgf/pgf.revision.tex)
Package: pgfrcs 2020/12/27 v3.1.8b (3.1.8b)
))
Package: pgf 2020/12/27 v3.1.8b (3.1.8b)

(/usr/local/texlive/2021/texmf-dist/tex/latex/pgf/basiclayer/pgfcore.sty
(/usr/local/texlive/2021/texmf-dist/tex/latex/graphics/graphicx.sty
Package: graphicx 2020/09/09 v1.2b Enhanced LaTeX Graphics (DPC,SPQR)

(/usr/local/texlive/2021/texmf-dist/tex/latex/graphics/graphics.sty
Package: graphics 2020/08/30 v1.4c Standard LaTeX Graphics (DPC,SPQR)

(/usr/local/texlive/2021/texmf-dist/tex/latex/graphics/trig.sty
Package: trig 2016/01/03 v1.10 sin cos tan (DPC)
)
(/usr/local/texlive/2021/texmf-dist/tex/latex/graphics-cfg/graphics.cfg
File: graphics.cfg 2016/06/04 v1.11 sample graphics configuration
)
Package graphics Info: Driver file: pdftex.def on input line 105.
)
\Gin@req@height=\dimen167
\Gin@req@width=\dimen168
)
(/usr/local/texlive/2021/texmf-dist/tex/latex/pgf/systemlayer/pgfsys.sty
(/usr/local/texlive/2021/texmf-dist/tex/generic/pgf/systemlayer/pgfsys.code.tex
Package: pgfsys 2020/12/27 v3.1.8b (3.1.8b)
(/usr/local/texlive/2021/texmf-dist/tex/generic/pgf/utilities/pgfkeys.code.tex
\pgfkeys@pathtoks=\toks22
\pgfkeys@temptoks=\toks23

(/usr/local/texlive/2021/texmf-dist/tex/generic/pgf/utilities/pgfkeysfiltered.c
ode.tex
\pgfkeys@tmptoks=\toks24
))
\pgf@x=\dimen169
\pgf@y=\dimen170
\pgf@xa=\dimen171
\pgf@ya=\dimen172
\pgf@xb=\dimen173
\pgf@yb=\dimen174
\pgf@xc=\dimen175
\pgf@yc=\dimen176
\pgf@xd=\dimen177
\pgf@yd=\dimen178
\w@pgf@writea=\write4
\r@pgf@reada=\read2
\c@pgf@counta=\count308
\c@pgf@countb=\count309
\c@pgf@countc=\count310
\c@pgf@countd=\count311
\t@pgf@toka=\toks25
\t@pgf@tokb=\toks26
\t@pgf@tokc=\toks27
\pgf@sys@id@count=\count312

(/usr/local/texlive/2021/texmf-dist/tex/generic/pgf/systemlayer/pgf.cfg
File: pgf.cfg 2020/12/27 v3.1.8b (3.1.8b)
)
Driver file for pgf: pgfsys-pdftex.def

(/usr/local/texlive/2021/texmf-dist/tex/generic/pgf/systemlayer/pgfsys-pdftex.d
ef
File: pgfsys-pdftex.def 2020/12/27 v3.1.8b (3.1.8b)

(/usr/local/texlive/2021/texmf-dist/tex/generic/pgf/systemlayer/pgfsys-common-p
df.def
File: pgfsys-common-pdf.def 2020/12/27 v3.1.8b (3.1.8b)
)))
(/usr/local/texlive/2021/texmf-dist/tex/generic/pgf/systemlayer/pgfsyssoftpath.
code.tex
File: pgfsyssoftpath.code.tex 2020/12/27 v3.1.8b (3.1.8b)
\pgfsyssoftpath@smallbuffer@items=\count313
\pgfsyssoftpath@bigbuffer@items=\count314
)
(/usr/local/texlive/2021/texmf-dist/tex/generic/pgf/systemlayer/pgfsysprotocol.
code.tex
File: pgfsysprotocol.code.tex 2020/12/27 v3.1.8b (3.1.8b)
))
(/usr/local/texlive/2021/texmf-dist/tex/generic/pgf/basiclayer/pgfcore.code.tex
Package: pgfcore 2020/12/27 v3.1.8b (3.1.8b)
(/usr/local/texlive/2021/texmf-dist/tex/generic/pgf/math/pgfmath.code.tex
(/usr/local/texlive/2021/texmf-dist/tex/generic/pgf/math/pgfmathcalc.code.tex
(/usr/local/texlive/2021/texmf-dist/tex/generic/pgf/math/pgfmathutil.code.tex)
(/usr/local/texlive/2021/texmf-dist/tex/generic/pgf/math/pgfmathparser.code.tex
\pgfmath@dimen=\dimen179
\pgfmath@count=\count315
\pgfmath@box=\box100
\pgfmath@toks=\toks28
\pgfmath@stack@operand=\toks29
\pgfmath@stack@operation=\toks30
)
(/usr/local/texlive/2021/texmf-dist/tex/generic/pgf/math/pgfmathfunctions.code.
tex
(/usr/local/texlive/2021/texmf-dist/tex/generic/pgf/math/pgfmathfunctions.basic
.code.tex)
(/usr/local/texlive/2021/texmf-dist/tex/generic/pgf/math/pgfmathfunctions.trigo
nometric.code.tex)
(/usr/local/texlive/2021/texmf-dist/tex/generic/pgf/math/pgfmathfunctions.rando
m.code.tex)
(/usr/local/texlive/2021/texmf-dist/tex/generic/pgf/math/pgfmathfunctions.compa
rison.code.tex)
(/usr/local/texlive/2021/texmf-dist/tex/generic/pgf/math/pgfmathfunctions.base.
code.tex)
(/usr/local/texlive/2021/texmf-dist/tex/generic/pgf/math/pgfmathfunctions.round
.code.tex)
(/usr/local/texlive/2021/texmf-dist/tex/generic/pgf/math/pgfmathfunctions.misc.
code.tex)
(/usr/local/texlive/2021/texmf-dist/tex/generic/pgf/math/pgfmathfunctions.integ
erarithmetics.code.tex)))
(/usr/local/texlive/2021/texmf-dist/tex/generic/pgf/math/pgfmathfloat.code.tex
\c@pgfmathroundto@lastzeros=\count316
)) (/usr/local/texlive/2021/texmf-dist/tex/generic/pgf/math/pgfint.code.tex)
(/usr/local/texlive/2021/texmf-dist/tex/generic/pgf/basiclayer/pgfcorepoints.co
de.tex
File: pgfcorepoints.code.tex 2020/12/27 v3.1.8b (3.1.8b)
\pgf@picminx=\dimen180
\pgf@picmaxx=\dimen181
\pgf@picminy=\dimen182
\pgf@picmaxy=\dimen183
\pgf@pathminx=\dimen184
\pgf@pathmaxx=\dimen185
\pgf@pathminy=\dimen186
\pgf@pathmaxy=\dimen187
\pgf@xx=\dimen188
\pgf@xy=\dimen189
\pgf@yx=\dimen190
\pgf@yy=\dimen191
\pgf@zx=\dimen192
\pgf@zy=\dimen193
)
(/usr/local/texlive/2021/texmf-dist/tex/generic/pgf/basiclayer/pgfcorepathconst
ruct.code.tex
File: pgfcorepathconstruct.code.tex 2020/12/27 v3.1.8b (3.1.8b)
\pgf@path@lastx=\dimen194
\pgf@path@lasty=\dimen195
)
(/usr/local/texlive/2021/texmf-dist/tex/generic/pgf/basiclayer/pgfcorepathusage
.code.tex
File: pgfcorepathusage.code.tex 2020/12/27 v3.1.8b (3.1.8b)
\pgf@shorten@end@additional=\dimen196
\pgf@shorten@start@additional=\dimen197
)
(/usr/local/texlive/2021/texmf-dist/tex/generic/pgf/basiclayer/pgfcorescopes.co
de.tex
File: pgfcorescopes.code.tex 2020/12/27 v3.1.8b (3.1.8b)
\pgfpic=\box101
\pgf@hbox=\box102
\pgf@layerbox@main=\box103
\pgf@picture@serial@count=\count317
)
(/usr/local/texlive/2021/texmf-dist/tex/generic/pgf/basiclayer/pgfcoregraphicst
ate.code.tex
File: pgfcoregraphicstate.code.tex 2020/12/27 v3.1.8b (3.1.8b)
\pgflinewidth=\dimen198
)
(/usr/local/texlive/2021/texmf-dist/tex/generic/pgf/basiclayer/pgfcoretransform
ations.code.tex
File: pgfcoretransformations.code.tex 2020/12/27 v3.1.8b (3.1.8b)
\pgf@pt@x=\dimen199
\pgf@pt@y=\dimen256
\pgf@pt@temp=\dimen257
)
(/usr/local/texlive/2021/texmf-dist/tex/generic/pgf/basiclayer/pgfcorequick.cod
e.tex
File: pgfcorequick.code.tex 2020/12/27 v3.1.8b (3.1.8b)
)
(/usr/local/texlive/2021/texmf-dist/tex/generic/pgf/basiclayer/pgfcoreobjects.c
ode.tex
File: pgfcoreobjects.code.tex 2020/12/27 v3.1.8b (3.1.8b)
)
(/usr/local/texlive/2021/texmf-dist/tex/generic/pgf/basiclayer/pgfcorepathproce
ssing.code.tex
File: pgfcorepathprocessing.code.tex 2020/12/27 v3.1.8b (3.1.8b)
)
(/usr/local/texlive/2021/texmf-dist/tex/generic/pgf/basiclayer/pgfcorearrows.co
de.tex
File: pgfcorearrows.code.tex 2020/12/27 v3.1.8b (3.1.8b)
\pgfarrowsep=\dimen258
)
(/usr/local/texlive/2021/texmf-dist/tex/generic/pgf/basiclayer/pgfcoreshade.cod
e.tex
File: pgfcoreshade.code.tex 2020/12/27 v3.1.8b (3.1.8b)
\pgf@max=\dimen259
\pgf@sys@shading@range@num=\count318
\pgf@shadingcount=\count319
)
(/usr/local/texlive/2021/texmf-dist/tex/generic/pgf/basiclayer/pgfcoreimage.cod
e.tex
File: pgfcoreimage.code.tex 2020/12/27 v3.1.8b (3.1.8b)

(/usr/local/texlive/2021/texmf-dist/tex/generic/pgf/basiclayer/pgfcoreexternal.
code.tex
File: pgfcoreexternal.code.tex 2020/12/27 v3.1.8b (3.1.8b)
\pgfexternal@startupbox=\box104
))
(/usr/local/texlive/2021/texmf-dist/tex/generic/pgf/basiclayer/pgfcorelayers.co
de.tex
File: pgfcorelayers.code.tex 2020/12/27 v3.1.8b (3.1.8b)
)
(/usr/local/texlive/2021/texmf-dist/tex/generic/pgf/basiclayer/pgfcoretranspare
ncy.code.tex
File: pgfcoretransparency.code.tex 2020/12/27 v3.1.8b (3.1.8b)
)
(/usr/local/texlive/2021/texmf-dist/tex/generic/pgf/basiclayer/pgfcorepatterns.
code.tex
File: pgfcorepatterns.code.tex 2020/12/27 v3.1.8b (3.1.8b)
)
(/usr/local/texlive/2021/texmf-dist/tex/generic/pgf/basiclayer/pgfcorerdf.code.
tex
File: pgfcorerdf.code.tex 2020/12/27 v3.1.8b (3.1.8b)
)))
(/usr/local/texlive/2021/texmf-dist/tex/generic/pgf/modules/pgfmoduleshapes.cod
e.tex
File: pgfmoduleshapes.code.tex 2020/12/27 v3.1.8b (3.1.8b)
\pgfnodeparttextbox=\box105
)
(/usr/local/texlive/2021/texmf-dist/tex/generic/pgf/modules/pgfmoduleplot.code.
tex
File: pgfmoduleplot.code.tex 2020/12/27 v3.1.8b (3.1.8b)
)
(/usr/local/texlive/2021/texmf-dist/tex/latex/pgf/compatibility/pgfcomp-version
-0-65.sty
Package: pgfcomp-version-0-65 2020/12/27 v3.1.8b (3.1.8b)
\pgf@nodesepstart=\dimen260
\pgf@nodesepend=\dimen261
)
(/usr/local/texlive/2021/texmf-dist/tex/latex/pgf/compatibility/pgfcomp-version
-1-18.sty
Package: pgfcomp-version-1-18 2020/12/27 v3.1.8b (3.1.8b)
))
(/usr/local/texlive/2021/texmf-dist/tex/latex/pgf/utilities/pgffor.sty
(/usr/local/texlive/2021/texmf-dist/tex/latex/pgf/utilities/pgfkeys.sty
(/usr/local/texlive/2021/texmf-dist/tex/generic/pgf/utilities/pgfkeys.code.tex)
) (/usr/local/texlive/2021/texmf-dist/tex/latex/pgf/math/pgfmath.sty
(/usr/local/texlive/2021/texmf-dist/tex/generic/pgf/math/pgfmath.code.tex))
(/usr/local/texlive/2021/texmf-dist/tex/generic/pgf/utilities/pgffor.code.tex
Package: pgffor 2020/12/27 v3.1.8b (3.1.8b)

(/usr/local/texlive/2021/texmf-dist/tex/generic/pgf/math/pgfmath.code.tex)
\pgffor@iter=\dimen262
\pgffor@skip=\dimen263
\pgffor@stack=\toks31
\pgffor@toks=\toks32
))
(/usr/local/texlive/2021/texmf-dist/tex/generic/pgf/frontendlayer/tikz/tikz.cod
e.tex
Package: tikz 2020/12/27 v3.1.8b (3.1.8b)

(/usr/local/texlive/2021/texmf-dist/tex/generic/pgf/libraries/pgflibraryplothan
dlers.code.tex
File: pgflibraryplothandlers.code.tex 2020/12/27 v3.1.8b (3.1.8b)
\pgf@plot@mark@count=\count320
\pgfplotmarksize=\dimen264
)
\tikz@lastx=\dimen265
\tikz@lasty=\dimen266
\tikz@lastxsaved=\dimen267
\tikz@lastysaved=\dimen268
\tikz@lastmovetox=\dimen269
\tikz@lastmovetoy=\dimen270
\tikzleveldistance=\dimen271
\tikzsiblingdistance=\dimen272
\tikz@figbox=\box106
\tikz@figbox@bg=\box107
\tikz@tempbox=\box108
\tikz@tempbox@bg=\box109
\tikztreelevel=\count321
\tikznumberofchildren=\count322
\tikznumberofcurrentchild=\count323
\tikz@fig@count=\count324

(/usr/local/texlive/2021/texmf-dist/tex/generic/pgf/modules/pgfmodulematrix.cod
e.tex
File: pgfmodulematrix.code.tex 2020/12/27 v3.1.8b (3.1.8b)
\pgfmatrixcurrentrow=\count325
\pgfmatrixcurrentcolumn=\count326
\pgf@matrix@numberofcolumns=\count327
)
\tikz@expandcount=\count328

(/usr/local/texlive/2021/texmf-dist/tex/generic/pgf/frontendlayer/tikz/librarie
s/tikzlibrarytopaths.code.tex
File: tikzlibrarytopaths.code.tex 2020/12/27 v3.1.8b (3.1.8b)
)))
(/usr/local/texlive/2021/texmf-dist/tex/generic/pgf/frontendlayer/tikz/librarie
s/tikzlibraryshapes.geometric.code.tex
File: tikzlibraryshapes.geometric.code.tex 2020/12/27 v3.1.8b (3.1.8b)

(/usr/local/texlive/2021/texmf-dist/tex/generic/pgf/libraries/shapes/pgflibrary
shapes.geometric.code.tex
File: pgflibraryshapes.geometric.code.tex 2020/12/27 v3.1.8b (3.1.8b)
))
(/usr/local/texlive/2021/texmf-dist/tex/generic/pgf/frontendlayer/tikz/librarie
s/tikzlibraryarrows.code.tex
File: tikzlibraryarrows.code.tex 2020/12/27 v3.1.8b (3.1.8b)

(/usr/local/texlive/2021/texmf-dist/tex/generic/pgf/libraries/pgflibraryarrows.
code.tex
File: pgflibraryarrows.code.tex 2020/12/27 v3.1.8b (3.1.8b)
\arrowsize=\dimen273
))
(/usr/local/texlive/2021/texmf-dist/tex/generic/pgf/frontendlayer/tikz/librarie
s/tikzlibrarymindmap.code.tex
File: tikzlibrarymindmap.code.tex 2020/12/27 v3.1.8b (3.1.8b)

(/usr/local/texlive/2021/texmf-dist/tex/generic/pgf/frontendlayer/tikz/librarie
s/tikzlibrarytrees.code.tex
File: tikzlibrarytrees.code.tex 2020/12/27 v3.1.8b (3.1.8b)
)
(/usr/local/texlive/2021/texmf-dist/tex/generic/pgf/frontendlayer/tikz/librarie
s/tikzlibrarydecorations.code.tex
(/usr/local/texlive/2021/texmf-dist/tex/generic/pgf/modules/pgfmoduledecoration
s.code.tex
\pgfdecoratedcompleteddistance=\dimen274
\pgfdecoratedremainingdistance=\dimen275
\pgfdecoratedinputsegmentcompleteddistance=\dimen276
\pgfdecoratedinputsegmentremainingdistance=\dimen277
\pgf@decorate@distancetomove=\dimen278
\pgf@decorate@repeatstate=\count329
\pgfdecorationsegmentamplitude=\dimen279
\pgfdecorationsegmentlength=\dimen280
)
\tikz@lib@dec@box=\box110
))
(/usr/local/texlive/2021/texmf-dist/tex/latex/adjustbox/adjustbox.sty
Package: adjustbox 2020/08/19 v1.3 Adjusting TeX boxes (trim, clip, ...)

(/usr/local/texlive/2021/texmf-dist/tex/latex/xkeyval/xkeyval.sty
Package: xkeyval 2020/11/20 v2.8 package option processing (HA)

(/usr/local/texlive/2021/texmf-dist/tex/generic/xkeyval/xkeyval.tex
(/usr/local/texlive/2021/texmf-dist/tex/generic/xkeyval/xkvutils.tex
\XKV@toks=\toks33
\XKV@tempa@toks=\toks34
)
\XKV@depth=\count330
File: xkeyval.tex 2014/12/03 v2.7a key=value parser (HA)
))
(/usr/local/texlive/2021/texmf-dist/tex/latex/adjustbox/adjcalc.sty
Package: adjcalc 2012/05/16 v1.1 Provides advanced setlength with multiple back
-ends (calc, etex, pgfmath)
)
(/usr/local/texlive/2021/texmf-dist/tex/latex/adjustbox/trimclip.sty
Package: trimclip 2020/08/19 v1.2 Trim and clip general TeX material

(/usr/local/texlive/2021/texmf-dist/tex/latex/collectbox/collectbox.sty
Package: collectbox 2012/05/17 v0.4b Collect macro arguments as boxes
\collectedbox=\box111
)
\tc@llx=\dimen281
\tc@lly=\dimen282
\tc@urx=\dimen283
\tc@ury=\dimen284
Package trimclip Info: Using driver 'tc-pdftex.def'.

(/usr/local/texlive/2021/texmf-dist/tex/latex/adjustbox/tc-pdftex.def
File: tc-pdftex.def 2019/01/04 v2.2 Clipping driver for pdftex
))
\adjbox@Width=\dimen285
\adjbox@Height=\dimen286
\adjbox@Depth=\dimen287
\adjbox@Totalheight=\dimen288
\adjbox@pwidth=\dimen289
\adjbox@pheight=\dimen290
\adjbox@pdepth=\dimen291
\adjbox@ptotalheight=\dimen292

(/usr/local/texlive/2021/texmf-dist/tex/latex/ifoddpage/ifoddpage.sty
Package: ifoddpage 2016/04/23 v1.1 Conditionals for odd/even page detection
\c@checkoddpage=\count331
LaTeX Info: Redefining \checkoddpage on input line 45.
)
(/usr/local/texlive/2021/texmf-dist/tex/latex/varwidth/varwidth.sty
Package: varwidth 2009/03/30 ver 0.92;  Variable-width minipages
\@vwid@box=\box112
\sift@deathcycles=\count332
\@vwid@loff=\dimen293
\@vwid@roff=\dimen294
))
\Lnote=\skip53

(./Whitepaper.aux)
\openout1 = `Whitepaper.aux'.

LaTeX Font Info:    Checking defaults for OML/cmm/m/it on input line 62.
LaTeX Font Info:    ... okay on input line 62.
LaTeX Font Info:    Checking defaults for OMS/cmsy/m/n on input line 62.
LaTeX Font Info:    ... okay on input line 62.
LaTeX Font Info:    Checking defaults for OT1/cmr/m/n on input line 62.
LaTeX Font Info:    ... okay on input line 62.
LaTeX Font Info:    Checking defaults for T1/cmr/m/n on input line 62.
LaTeX Font Info:    ... okay on input line 62.
LaTeX Font Info:    Checking defaults for TS1/cmr/m/n on input line 62.
LaTeX Font Info:    ... okay on input line 62.
LaTeX Font Info:    Checking defaults for OMX/cmex/m/n on input line 62.
LaTeX Font Info:    ... okay on input line 62.
LaTeX Font Info:    Checking defaults for U/cmr/m/n on input line 62.
LaTeX Font Info:    ... okay on input line 62.
LaTeX Font Info:    Checking defaults for PD1/pdf/m/n on input line 62.
LaTeX Font Info:    ... okay on input line 62.
LaTeX Font Info:    Checking defaults for PU/pdf/m/n on input line 62.
LaTeX Font Info:    ... okay on input line 62.

*geometry* driver: auto-detecting
*geometry* detected driver: pdftex
*geometry* verbose mode - [ preamble ] result:
* driver: pdftex
* paper: a4paper
* layout: <same size as paper>
* layoutoffset:(h,v)=(0.0pt,0.0pt)
* modes: 
* h-part:(L,W,R)=(90.19522pt, 417.68556pt, 89.62709pt)
* v-part:(T,H,B)=(72.26997pt, 671.37022pt, 101.40665pt)
* \paperwidth=597.50787pt
* \paperheight=845.04684pt
* \textwidth=417.68556pt
* \textheight=671.37022pt
* \oddsidemargin=17.92523pt
* \evensidemargin=17.92523pt
* \topmargin=-37.00002pt
* \headheight=12.0pt
* \headsep=25.0pt
* \topskip=10.0pt
* \footskip=30.0pt
* \marginparwidth=65.0pt
* \marginparsep=11.0pt
* \columnsep=10.0pt
* \skip\footins=9.0pt plus 4.0pt minus 2.0pt
* \hoffset=0.0pt
* \voffset=0.0pt
* \mag=1000
* \@twocolumnfalse
* \@twosidefalse
* \@mparswitchfalse
* \@reversemarginfalse
* (1in=72.27pt=25.4mm, 1cm=28.453pt)

Package hyperref Info: Link coloring ON on input line 62.
(/usr/local/texlive/2021/texmf-dist/tex/latex/hyperref/nameref.sty
Package: nameref 2021-04-02 v2.47 Cross-referencing by name of section

(/usr/local/texlive/2021/texmf-dist/tex/latex/refcount/refcount.sty
Package: refcount 2019/12/15 v3.6 Data extraction from label references (HO)
)
(/usr/local/texlive/2021/texmf-dist/tex/generic/gettitlestring/gettitlestring.s
ty
Package: gettitlestring 2019/12/15 v1.6 Cleanup title references (HO)
)
\c@section@level=\count333
)
LaTeX Info: Redefining \ref on input line 62.
LaTeX Info: Redefining \pageref on input line 62.
LaTeX Info: Redefining \nameref on input line 62.
 (./Whitepaper.out) (./Whitepaper.out)
\@outlinefile=\write5
\openout5 = `Whitepaper.out'.

\c@lstlisting=\count334

(/usr/local/texlive/2021/texmf-dist/tex/context/base/mkii/supp-pdf.mkii
[Loading MPS to PDF converter (version 2006.09.02).]
\scratchcounter=\count335
\scratchdimen=\dimen295
\scratchbox=\box113
\nofMPsegments=\count336
\nofMParguments=\count337
\everyMPshowfont=\toks35
\MPscratchCnt=\count338
\MPscratchDim=\dimen296
\MPnumerator=\count339
\makeMPintoPDFobject=\count340
\everyMPtoPDFconversion=\toks36
) (/usr/local/texlive/2021/texmf-dist/tex/latex/epstopdf-pkg/epstopdf-base.sty
Package: epstopdf-base 2020-01-24 v2.11 Base part for package epstopdf
Package epstopdf-base Info: Redefining graphics rule for `.eps' on input line 4
85.

(/usr/local/texlive/2021/texmf-dist/tex/latex/latexconfig/epstopdf-sys.cfg
File: epstopdf-sys.cfg 2010/07/13 v1.3 Configuration of (r)epstopdf for TeX Liv
e
))
LaTeX Font Info:    External font `cmex10' loaded for size
(Font)              <12> on input line 65.
LaTeX Font Info:    External font `cmex10' loaded for size
(Font)              <8> on input line 65.
LaTeX Font Info:    External font `cmex10' loaded for size
(Font)              <6> on input line 65.
LaTeX Font Info:    External font `cmex10' loaded for size
(Font)              <7> on input line 69.
LaTeX Font Info:    External font `cmex10' loaded for size
(Font)              <5> on input line 69.

Underfull \hbox (badness 10000) in paragraph at lines 83--83

 []

[1

{/usr/local/texlive/2021/texmf-var/fonts/map/pdftex/updmap/pdftex.map}]
(./Whitepaper.toc [2])
\tf@toc=\write6
\openout6 = `Whitepaper.toc'.

 [3]
Underfull \hbox (badness 10000) in paragraph at lines 95--99

 []

[4]
Underfull \hbox (badness 10000) in paragraph at lines 125--126

 []


Underfull \hbox (badness 10000) in paragraph at lines 128--129

 []


Underfull \hbox (badness 10000) in paragraph at lines 130--131

 []


Underfull \hbox (badness 10000) in paragraph at lines 134--135

 []

[5]
Underfull \hbox (badness 10000) in paragraph at lines 255--256

 []

[6]
Underfull \hbox (badness 10000) in paragraph at lines 267--268

 []

Package hyperref Info: bookmark level for unknown lstlisting defaults to 0 on i
nput line 271.
LaTeX Font Info:    Font shape `OT1/cmtt/bx/n' in size <8> not available
(Font)              Font shape `OT1/cmtt/m/n' tried instead on input line 273.

Underfull \hbox (badness 10000) in paragraph at lines 283--284

 []


Underfull \hbox (badness 10000) in paragraph at lines 285--286

 []


Underfull \hbox (badness 10000) in paragraph at lines 291--292

 []

[7]
Underfull \hbox (badness 10000) in paragraph at lines 304--305

 []

[8]
Underfull \hbox (badness 10000) in paragraph at lines 380--381

 []


Underfull \hbox (badness 10000) in paragraph at lines 382--383

 []


Underfull \hbox (badness 10000) in paragraph at lines 384--385

 []


Underfull \hbox (badness 10000) in paragraph at lines 386--387

 []

[9]
Underfull \hbox (badness 10000) in paragraph at lines 404--405

 []


Underfull \hbox (badness 10000) in paragraph at lines 408--409

 []


Underfull \hbox (badness 10000) in paragraph at lines 410--411

 []


Underfull \hbox (badness 10000) in paragraph at lines 417--418

 []


Underfull \hbox (badness 10000) in paragraph at lines 419--421

 []


Underfull \hbox (badness 10000) in paragraph at lines 422--423

 []


Underfull \hbox (badness 10000) in paragraph at lines 429--430

 []


Underfull \hbox (badness 10000) in paragraph at lines 431--432

 []


Underfull \hbox (badness 10000) in paragraph at lines 433--434

 []


Underfull \hbox (badness 10000) in paragraph at lines 435--436

 []


Underfull \hbox (badness 10000) in paragraph at lines 437--438

 []


Underfull \hbox (badness 10000) in paragraph at lines 441--442

 []


Underfull \hbox (badness 10000) in paragraph at lines 443--444

 []


Underfull \hbox (badness 10000) in paragraph at lines 445--446

 []


Underfull \hbox (badness 10000) in paragraph at lines 447--448

 []


Underfull \hbox (badness 10000) in paragraph at lines 450--454

 []

[10]
Underfull \hbox (badness 10000) in paragraph at lines 456--457

 []

<./assets/images//tips.jpeg, id=548, 1444.39626pt x 833.1125pt>
File: ./assets/images//tips.jpeg Graphic file (type jpg)
<use ./assets/images//tips.jpeg>
Package pdftex.def Info: ./assets/images//tips.jpeg  used on input line 461.
(pdftex.def)             Requested size: 417.68556pt x 240.90997pt.

Underfull \hbox (badness 10000) in paragraph at lines 461--462

 []


Underfull \hbox (badness 10000) in paragraph at lines 458--463

 []

Excluding 'comment' comment.
Underfull \hbox (badness 10000) in paragraph at lines 510--511

 []

<./assets/images//privacygroups.jpeg, id=549, 912.40875pt x 140.525pt>
File: ./assets/images//privacygroups.jpeg Graphic file (type jpg)
<use ./assets/images//privacygroups.jpeg>
Package pdftex.def Info: ./assets/images//privacygroups.jpeg  used on input lin
e 513.
(pdftex.def)             Requested size: 417.68556pt x 64.32921pt.

Underfull \hbox (badness 10000) in paragraph at lines 513--514

 []

[11 <./assets/images//tips.jpeg>] Excluding 'comment' comment.
Underfull \hbox (badness 10000) in paragraph at lines 541--542

 []


Underfull \hbox (badness 10000) in paragraph at lines 545--546

 []


Underfull \hbox (badness 10000) in paragraph at lines 557--558

 []


Underfull \hbox (badness 10000) in paragraph at lines 563--564

 []


Underfull \hbox (badness 10000) in paragraph at lines 565--566

 []

[12 <./assets/images//privacygroups.jpeg>]
Underfull \hbox (badness 10000) in paragraph at lines 573--574

 []


Underfull \hbox (badness 10000) in paragraph at lines 575--576

 []


Underfull \hbox (badness 10000) in paragraph at lines 577--578

 []


Underfull \hbox (badness 10000) in paragraph at lines 579--580

 []

<./assets/images//encryption.png, id=580, 830.10126pt x 1436.36626pt>
File: ./assets/images//encryption.png Graphic file (type png)
<use ./assets/images//encryption.png>
Package pdftex.def Info: ./assets/images//encryption.png  used on input line 58
4.
(pdftex.def)             Requested size: 170.71652pt x 295.39943pt.
Excluding 'comment' comment.
Underfull \hbox (badness 10000) in paragraph at lines 620--621

 []


Underfull \hbox (badness 10000) in paragraph at lines 622--623

 []


Underfull \hbox (badness 10000) in paragraph at lines 624--625

 []

<./assets/images//decryption-private.png, id=582, 3011.25pt x 2173.11874pt>
File: ./assets/images//decryption-private.png Graphic file (type png)
<use ./assets/images//decryption-private.png>
Package pdftex.def Info: ./assets/images//decryption-private.png  used on input
 line 628.
(pdftex.def)             Requested size: 417.68556pt x 301.41603pt.
[13 <./assets/images//encryption.png>] Excluding 'comment' comment.
Underfull \hbox (badness 10000) in paragraph at lines 687--688

 []


Underfull \hbox (badness 10000) in paragraph at lines 689--690

 []

<./assets/images//decryption-public.png, id=593, 3011.25pt x 4109.3525pt>
File: ./assets/images//decryption-public.png Graphic file (type png)
<use ./assets/images//decryption-public.png>
Package pdftex.def Info: ./assets/images//decryption-public.png  used on input 
line 693.
(pdftex.def)             Requested size: 170.71652pt x 232.94383pt.
Excluding 'comment' comment.
Underfull \hbox (badness 10000) in paragraph at lines 744--745

 []

[14 <./assets/images//decryption-private.png> <./assets/images//decryption-publ
ic.png>]
Underfull \hbox (badness 10000) in paragraph at lines 746--747

 []


Underfull \hbox (badness 10000) in paragraph at lines 748--749

 []


Underfull \hbox (badness 10000) in paragraph at lines 750--751

 []


Underfull \hbox (badness 10000) in paragraph at lines 754--755

 []


Underfull \hbox (badness 10000) in paragraph at lines 756--757

 []


Underfull \hbox (badness 10000) in paragraph at lines 758--759

 []


Underfull \hbox (badness 10000) in paragraph at lines 760--761

 []


Underfull \hbox (badness 10000) in paragraph at lines 762--763

 []


Underfull \hbox (badness 10000) in paragraph at lines 764--765

 []


Underfull \hbox (badness 10000) in paragraph at lines 766--767

 []


Underfull \hbox (badness 10000) in paragraph at lines 770--771

 []


Underfull \hbox (badness 10000) in paragraph at lines 772--773

 []


Underfull \hbox (badness 10000) in paragraph at lines 774--775

 []


Underfull \hbox (badness 10000) in paragraph at lines 776--777

 []


Underfull \hbox (badness 10000) in paragraph at lines 778--779

 []


Underfull \hbox (badness 10000) in paragraph at lines 780--781

 []


Underfull \hbox (badness 10000) in paragraph at lines 782--783

 []


Underfull \hbox (badness 10000) in paragraph at lines 784--785

 []


Underfull \hbox (badness 10000) in paragraph at lines 786--787

 []


Underfull \hbox (badness 10000) in paragraph at lines 792--793

 []

[15]
Underfull \hbox (badness 10000) in paragraph at lines 796--797

 []


Underfull \hbox (badness 10000) in paragraph at lines 798--799

 []


Underfull \hbox (badness 10000) in paragraph at lines 800--801

 []


Underfull \hbox (badness 10000) in paragraph at lines 802--803

 []


Underfull \hbox (badness 10000) in paragraph at lines 812--813

 []


Underfull \hbox (badness 10000) in paragraph at lines 816--817

 []


LaTeX Font Warning: Font shape `OT1/cmr/bx/sc' undefined
(Font)              using `OT1/cmr/bx/n' instead on input line 818.


Underfull \hbox (badness 10000) in paragraph at lines 818--819

 []

[16]
Underfull \hbox (badness 10000) in paragraph at lines 820--821

 []


Underfull \hbox (badness 10000) in paragraph at lines 822--823

 []


Underfull \hbox (badness 10000) in paragraph at lines 824--825

 []


Underfull \hbox (badness 10000) in paragraph at lines 826--827

 []


Overfull \hbox (15.58368pt too wide) in paragraph at lines 828--829
\OT1/cmr/m/n/10 smart con-tract blockchains. Trans-ac-tion fees are only leaved
 as a fixed per-cent-age as andquot;transfer
 []


Underfull \hbox (badness 10000) in paragraph at lines 828--829

 []


Underfull \hbox (badness 10000) in paragraph at lines 830--831

 []


Underfull \hbox (badness 10000) in paragraph at lines 832--833

 []


Underfull \hbox (badness 10000) in paragraph at lines 834--835

 []


Underfull \hbox (badness 10000) in paragraph at lines 836--837

 []


Underfull \hbox (badness 10000) in paragraph at lines 838--839

 []


Underfull \hbox (badness 10000) in paragraph at lines 840--841

 []


Underfull \hbox (badness 10000) in paragraph at lines 842--843

 []


Underfull \hbox (badness 10000) in paragraph at lines 844--845

 []


Underfull \hbox (badness 10000) in paragraph at lines 846--847

 []

[17]
Underfull \hbox (badness 10000) in paragraph at lines 848--849

 []

Excluding 'comment' comment.
Underfull \hbox (badness 10000) in paragraph at lines 867--868

 []


Underfull \hbox (badness 10000) in paragraph at lines 869--870

 []


Underfull \hbox (badness 10000) in paragraph at lines 871--873

 []

[18]
Underfull \hbox (badness 10000) in paragraph at lines 936--937

 []


Underfull \hbox (badness 10000) in paragraph at lines 940--941

 []


Underfull \hbox (badness 10000) in paragraph at lines 942--943

 []


Underfull \hbox (badness 10000) in paragraph at lines 944--945

 []


Underfull \hbox (badness 10000) in paragraph at lines 946--947

 []


Underfull \hbox (badness 10000) in paragraph at lines 948--949

 []

[19]
Underfull \hbox (badness 10000) in paragraph at lines 950--951

 []


Underfull \hbox (badness 10000) in paragraph at lines 952--953

 []


Underfull \hbox (badness 10000) in paragraph at lines 954--955

 []


Underfull \hbox (badness 10000) in paragraph at lines 956--957

 []


Underfull \hbox (badness 10000) in paragraph at lines 958--959

 []


Underfull \hbox (badness 10000) in paragraph at lines 962--963

 []


Underfull \hbox (badness 10000) in paragraph at lines 964--965

 []

[20]
Underfull \hbox (badness 10000) in paragraph at lines 985--986

 []


Underfull \hbox (badness 10000) in paragraph at lines 987--988

 []


Underfull \hbox (badness 10000) in paragraph at lines 995--996

 []


Underfull \hbox (badness 10000) in paragraph at lines 997--998

 []


Underfull \hbox (badness 10000) in paragraph at lines 999--1004

 []


Underfull \hbox (badness 10000) in paragraph at lines 1009--1012

 []


Underfull \hbox (badness 10000) in paragraph at lines 1016--1017

 []

[21]
Underfull \hbox (badness 10000) in paragraph at lines 1018--1019

 []


Underfull \hbox (badness 10000) in paragraph at lines 1029--1030

 []


Underfull \hbox (badness 10000) in paragraph at lines 1031--1032

 []


Underfull \hbox (badness 10000) in paragraph at lines 1035--1036

 []


Underfull \hbox (badness 10000) in paragraph at lines 1037--1038

 []


Underfull \hbox (badness 10000) in paragraph at lines 1039--1040

 []

[22]
Underfull \hbox (badness 10000) in paragraph at lines 1041--1042

 []


Underfull \hbox (badness 10000) in paragraph at lines 1043--1044

 []


Underfull \hbox (badness 10000) in paragraph at lines 1054--1055

 []

<./assets/images//user-deposit.png, id=689, 830.10126pt x 485.815pt>
File: ./assets/images//user-deposit.png Graphic file (type png)
<use ./assets/images//user-deposit.png>
Package pdftex.def Info: ./assets/images//user-deposit.png  used on input line 
1058.
(pdftex.def)             Requested size: 284.52756pt x 166.51665pt.
Excluding 'comment' comment.
Underfull \hbox (badness 10000) in paragraph at lines 1097--1098

 []


Underfull \hbox (badness 10000) in paragraph at lines 1099--1100

 []

<./assets/images//maker-as-seller.png, id=690, 770.88pt x 816.04875pt>
File: ./assets/images//maker-as-seller.png Graphic file (type png)
<use ./assets/images//maker-as-seller.png>
Package pdftex.def Info: ./assets/images//maker-as-seller.png  used on input li
ne 1103.
(pdftex.def)             Requested size: 256.0748pt x 271.07755pt.
[23 <./assets/images//user-deposit.png>] Excluding 'comment' comment.
Underfull \hbox (badness 10000) in paragraph at lines 1136--1137

 []

<./assets/images//maker-as-buyer.png, id=702, 804.00375pt x 793.96625pt>
File: ./assets/images//maker-as-buyer.png Graphic file (type png)
<use ./assets/images//maker-as-buyer.png>
Package pdftex.def Info: ./assets/images//maker-as-buyer.png  used on input lin
e 1141.
(pdftex.def)             Requested size: 256.0748pt x 252.87502pt.
Excluding 'comment' comment.
Underfull \hbox (badness 10000) in paragraph at lines 1174--1175

 []

[24 <./assets/images//maker-as-seller.png> <./assets/images//maker-as-buyer.png
>]
<./assets/images//withdrawal.png, id=711, 830.10126pt x 461.725pt>
File: ./assets/images//withdrawal.png Graphic file (type png)
<use ./assets/images//withdrawal.png>
Package pdftex.def Info: ./assets/images//withdrawal.png  used on input line 11
78.
(pdftex.def)             Requested size: 284.52756pt x 158.25963pt.
 Excluding 'comment' comment.
Underfull \hbox (badness 10000) in paragraph at lines 1220--1221

 []


Underfull \hbox (badness 10000) in paragraph at lines 1222--1223

 []


Underfull \hbox (badness 10000) in paragraph at lines 1251--1252

 []

[25 <./assets/images//withdrawal.png>]
Underfull \hbox (badness 10000) in paragraph at lines 1266--1267

 []


Underfull \hbox (badness 10000) in paragraph at lines 1270--1271

 []


Underfull \hbox (badness 10000) in paragraph at lines 1274--1275

 []

[26]
Underfull \hbox (badness 10000) in paragraph at lines 1293--1294

 []


Underfull \hbox (badness 10000) in paragraph at lines 1295--1296

 []


Underfull \hbox (badness 10000) in paragraph at lines 1297--1298

 []

[27]
Underfull \hbox (badness 10000) in paragraph at lines 1331--1332

 []


Underfull \hbox (badness 10000) in paragraph at lines 1333--1334

 []


Underfull \hbox (badness 10000) in paragraph at lines 1339--1340

 []


Underfull \hbox (badness 10000) in paragraph at lines 1341--1342

 []

[28]
Underfull \hbox (badness 10000) in paragraph at lines 1345--1348

 []

Excluding 'comment' comment.
Underfull \hbox (badness 10000) in paragraph at lines 1355--1357

 []


Underfull \hbox (badness 10000) in paragraph at lines 1368--1369

 []


Underfull \hbox (badness 10000) in paragraph at lines 1370--1371

 []


Underfull \hbox (badness 10000) in paragraph at lines 1372--1373

 []


Underfull \hbox (badness 10000) in paragraph at lines 1376--1377

 []


Underfull \hbox (badness 10000) in paragraph at lines 1378--1379

 []

<./assets/images//rov-poll.png, id=768, 604.2575pt x 855.195pt>
File: ./assets/images//rov-poll.png Graphic file (type png)
<use ./assets/images//rov-poll.png>
Package pdftex.def Info: ./assets/images//rov-poll.png  used on input line 1383
.
(pdftex.def)             Requested size: 227.62204pt x 322.1458pt.
[29] Excluding 'comment' comment.
Underfull \hbox (badness 10000) in paragraph at lines 1409--1410

 []


Underfull \hbox (badness 10000) in paragraph at lines 1411--1412

 []


Underfull \hbox (badness 10000) in paragraph at lines 1413--1414

 []


Underfull \hbox (badness 10000) in paragraph at lines 1415--1416

 []


Underfull \hbox (badness 10000) in paragraph at lines 1417--1418

 []


Underfull \hbox (badness 10000) in paragraph at lines 1419--1420

 []


Underfull \hbox (badness 10000) in paragraph at lines 1421--1422

 []


Underfull \hbox (badness 10000) in paragraph at lines 1423--1424

 []


Underfull \hbox (badness 10000) in paragraph at lines 1425--1426

 []


Underfull \hbox (badness 10000) in paragraph at lines 1427--1428

 []

[30 <./assets/images//rov-poll.png>]
Underfull \hbox (badness 10000) in paragraph at lines 1429--1430

 []


Underfull \hbox (badness 10000) in paragraph at lines 1431--1432

 []


Underfull \hbox (badness 10000) in paragraph at lines 1433--1436

 []


Underfull \hbox (badness 10000) in paragraph at lines 1437--1438

 []


Underfull \hbox (badness 10000) in paragraph at lines 1439--1442

 []


Underfull \hbox (badness 10000) in paragraph at lines 1443--1444

 []


Underfull \hbox (badness 10000) in paragraph at lines 1445--1446

 []


Underfull \hbox (badness 10000) in paragraph at lines 1447--1449

 []


Underfull \hbox (badness 10000) in paragraph at lines 1451--1452

 []


Underfull \hbox (badness 10000) in paragraph at lines 1453--1454

 []


Underfull \hbox (badness 10000) in paragraph at lines 1456--1457

 []


Underfull \hbox (badness 10000) in paragraph at lines 1458--1459

 []


Underfull \hbox (badness 10000) in paragraph at lines 1460--1464

 []


Underfull \hbox (badness 10000) in paragraph at lines 1466--1467

 []

[31]
Underfull \hbox (badness 10000) in paragraph at lines 1468--1469

 []


Underfull \hbox (badness 10000) in paragraph at lines 1470--1471

 []


Underfull \hbox (badness 10000) in paragraph at lines 1472--1473

 []


Underfull \hbox (badness 10000) in paragraph at lines 1474--1475

 []


Underfull \hbox (badness 10000) in paragraph at lines 1478--1479

 []


Underfull \hbox (badness 10000) in paragraph at lines 1480--1481

 []


Underfull \hbox (badness 10000) in paragraph at lines 1482--1483

 []


Underfull \hbox (badness 10000) in paragraph at lines 1497--1498

 []


Underfull \hbox (badness 10000) in paragraph at lines 1499--1500

 []

[32]
Underfull \hbox (badness 10000) in paragraph at lines 1501--1502

 []


Underfull \hbox (badness 10000) in paragraph at lines 1503--1504

 []


Underfull \hbox (badness 10000) in paragraph at lines 1505--1506

 []


Underfull \hbox (badness 10000) in paragraph at lines 1521--1522

 []


Underfull \hbox (badness 10000) in paragraph at lines 1523--1524

 []


Underfull \hbox (badness 10000) in paragraph at lines 1525--1526

 []


Underfull \hbox (badness 10000) in paragraph at lines 1534--1535

 []

[33]
Underfull \hbox (badness 10000) in paragraph at lines 1536--1537

 []

<./assets/images//rewards.png, id=804, 1332.98pt x 941.5175pt>
File: ./assets/images//rewards.png Graphic file (type png)
<use ./assets/images//rewards.png>
Package pdftex.def Info: ./assets/images//rewards.png  used on input line 1541.

(pdftex.def)             Requested size: 256.0748pt x 180.87274pt.

Underfull \hbox (badness 10000) in paragraph at lines 1538--1544

 []

Excluding 'comment' comment.
Underfull \hbox (badness 10000) in paragraph at lines 1557--1558

 []


Underfull \hbox (badness 10000) in paragraph at lines 1559--1560

 []

[34 <./assets/images//rewards.png>]
Underfull \hbox (badness 10000) in paragraph at lines 1569--1570

 []


Underfull \hbox (badness 10000) in paragraph at lines 1571--1572

 []


Underfull \hbox (badness 10000) in paragraph at lines 1573--1574

 []


Underfull \hbox (badness 10000) in paragraph at lines 1575--1576

 []


Underfull \hbox (badness 10000) in paragraph at lines 1577--1578

 []


Underfull \hbox (badness 10000) in paragraph at lines 1579--1580

 []


Underfull \hbox (badness 10000) in paragraph at lines 1581--1582

 []


Underfull \hbox (badness 10000) in paragraph at lines 1583--1584

 []


Underfull \hbox (badness 10000) in paragraph at lines 1585--1586

 []


Underfull \hbox (badness 10000) in paragraph at lines 1587--1588

 []


Underfull \hbox (badness 10000) in paragraph at lines 1596--1597

 []


Underfull \hbox (badness 10000) in paragraph at lines 1598--1599

 []


Underfull \hbox (badness 10000) in paragraph at lines 1600--1601

 []


Underfull \hbox (badness 10000) in paragraph at lines 1602--1603

 []

[35]
Underfull \hbox (badness 10000) in paragraph at lines 1604--1605

 []


Underfull \hbox (badness 10000) in paragraph at lines 1606--1607

 []


Underfull \hbox (badness 10000) in paragraph at lines 1608--1609

 []


Underfull \hbox (badness 10000) in paragraph at lines 1610--1611

 []


Underfull \hbox (badness 10000) in paragraph at lines 1617--1618

 []


Underfull \hbox (badness 10000) in paragraph at lines 1619--1620

 []


Underfull \hbox (badness 10000) in paragraph at lines 1622--1623

 []


Underfull \hbox (badness 10000) in paragraph at lines 1624--1625

 []


Underfull \hbox (badness 10000) in paragraph at lines 1626--1627

 []


Underfull \hbox (badness 10000) in paragraph at lines 1628--1629

 []

[36]
Underfull \hbox (badness 10000) in paragraph at lines 1630--1631

 []


Underfull \hbox (badness 10000) in paragraph at lines 1635--1655

 []


Underfull \hbox (badness 10000) in paragraph at lines 1657--1668

 []


Underfull \hbox (badness 10000) in paragraph at lines 1671--1674

 []

[37]
Underfull \hbox (badness 10000) in paragraph at lines 1685--1686

 []


Underfull \hbox (badness 10000) in paragraph at lines 1687--1688

 []


Underfull \hbox (badness 10000) in paragraph at lines 1698--1699

 []


Underfull \hbox (badness 10000) in paragraph at lines 1712--1713

 []


Underfull \hbox (badness 10000) in paragraph at lines 1715--1716

 []


Underfull \hbox (badness 10000) in paragraph at lines 1718--1719

 []


Underfull \hbox (badness 10000) in paragraph at lines 1721--1722

 []

[38]
Underfull \hbox (badness 10000) in paragraph at lines 1737--1738

 []


Underfull \hbox (badness 10000) in paragraph at lines 1740--1741

 []


Underfull \hbox (badness 10000) in paragraph at lines 1745--1746

 []


Underfull \hbox (badness 10000) in paragraph at lines 1748--1749

 []


Underfull \hbox (badness 10000) in paragraph at lines 1758--1759

 []


Underfull \hbox (badness 10000) in paragraph at lines 1760--1761

 []


Underfull \hbox (badness 10000) in paragraph at lines 1762--1763

 []


Underfull \hbox (badness 10000) in paragraph at lines 1764--1765

 []

[39]
Underfull \hbox (badness 10000) in paragraph at lines 1768--1771

 []


Underfull \hbox (badness 10000) in paragraph at lines 1772--1773

 []

[40] (./Whitepaper.aux)

LaTeX Font Warning: Some font shapes were not available, defaults substituted.

Package rerunfilecheck Info: File `Whitepaper.out' has not changed.
(rerunfilecheck)             Checksum: 9B379F3D3E5703F41CE387435D06B63B;10524.
 ) 
Here is how much of TeX's memory you used:
 24937 strings out of 478994
 466057 string characters out of 5858184
 1077003 words of memory out of 5000000
 41645 multiletter control sequences out of 15000+600000
 410259 words of font info for 50 fonts, out of 8000000 for 9000
 1141 hyphenation exceptions out of 8191
 113i,12n,116p,1212b,1829s stack positions out of 5000i,500n,10000p,200000b,80000s
pdfTeX warning (dest): name{https://blog.iota.org/iota-smart-contracts-beta-r
elease/} has been referenced but does not exist, replaced by a fixed one

pdfTeX warning (dest): name{https://files.iota.org/papers/ISC_WP_Nov_10_2021.pd
f} has been referenced but does not exist, replaced by a fixed one

pdfTeX warning (dest): name{App\040Brouchure} has been referenced but does not 
exist, replaced by a fixed one

pdfTeX warning (dest): name{https://wiki.iota.org/smart-contracts/overview} has
 been referenced but does not exist, replaced by a fixed one

pdfTeX warning (dest): name{https://docs.soliditylang.org/} has been referenced
 but does not exist, replaced by a fixed one

pdfTeX warning (dest): name{https://reactjs.org/} has been referenced but does 
not exist, replaced by a fixed one

pdfTeX warning (dest): name{https://nodejs.org/} has been referenced but does n
ot exist, replaced by a fixed one

pdfTeX warning (dest): name{https://www.javascript.com/} has been referenced bu
t does not exist, replaced by a fixed one

pdfTeX warning (dest): name{https://webrtc.org/} has been referenced but does n
ot exist, replaced by a fixed one

pdfTeX warning (dest): name{https://gun.eco/} has been referenced but does not 
exist, replaced by a fixed one

pdfTeX warning (dest): name{https://ipfs.io} has been referenced but does not e
xist, replaced by a fixed one

pdfTeX warning (dest): name{https://sample.com} has been referenced but does no
t exist, replaced by a fixed one

{/usr/local/texlive/2021/texmf-dist/fonts/enc/dvips/cm-super/cm-super-ts1.enc}<
/usr/local/texlive/2021/texmf-dist/fonts/type1/public/amsfonts/cm/cmbx10.pfb></
usr/local/texlive/2021/texmf-dist/fonts/type1/public/amsfonts/cm/cmbx12.pfb></u
sr/local/texlive/2021/texmf-dist/fonts/type1/public/amsfonts/cm/cmbx8.pfb></usr
/local/texlive/2021/texmf-dist/fonts/type1/public/amsfonts/cm/cmbx9.pfb></usr/l
ocal/texlive/2021/texmf-dist/fonts/type1/public/amsfonts/cm/cmcsc10.pfb></usr/l
ocal/texlive/2021/texmf-dist/fonts/type1/public/amsfonts/cm/cmmi10.pfb></usr/lo
cal/texlive/2021/texmf-dist/fonts/type1/public/amsfonts/cm/cmmi6.pfb></usr/loca
l/texlive/2021/texmf-dist/fonts/type1/public/amsfonts/cm/cmmi8.pfb></usr/local/
texlive/2021/texmf-dist/fonts/type1/public/amsfonts/cm/cmr10.pfb></usr/local/te
xlive/2021/texmf-dist/fonts/type1/public/amsfonts/cm/cmr12.pfb></usr/local/texl
ive/2021/texmf-dist/fonts/type1/public/amsfonts/cm/cmr17.pfb></usr/local/texliv
e/2021/texmf-dist/fonts/type1/public/amsfonts/cm/cmr6.pfb></usr/local/texlive/2
021/texmf-dist/fonts/type1/public/amsfonts/cm/cmr7.pfb></usr/local/texlive/2021
/texmf-dist/fonts/type1/public/amsfonts/cm/cmr8.pfb></usr/local/texlive/2021/te
xmf-dist/fonts/type1/public/amsfonts/cm/cmr9.pfb></usr/local/texlive/2021/texmf
-dist/fonts/type1/public/amsfonts/cm/cmsy10.pfb></usr/local/texlive/2021/texmf-
dist/fonts/type1/public/amsfonts/cm/cmsy6.pfb></usr/local/texlive/2021/texmf-di
st/fonts/type1/public/amsfonts/cm/cmsy8.pfb></usr/local/texlive/2021/texmf-dist
/fonts/type1/public/amsfonts/cm/cmti10.pfb></usr/local/texlive/2021/texmf-dist/
fonts/type1/public/amsfonts/cm/cmtt10.pfb></usr/local/texlive/2021/texmf-dist/f
onts/type1/public/amsfonts/cm/cmtt8.pfb></usr/local/texlive/2021/texmf-dist/fon
ts/type1/public/cm-super/sfbx1000.pfb></usr/local/texlive/2021/texmf-dist/fonts
/type1/public/cm-super/sfrm1000.pfb>
Output written on Whitepaper.pdf (40 pages, 1196581 bytes).
PDF statistics:
 992 PDF objects out of 1000 (max. 8388607)
 892 compressed objects within 9 object streams
 349 named destinations out of 1000 (max. 500000)
 640 words of extra memory for PDF output out of 10000 (max. 10000000)

